<?xml version="1.0" encoding="UTF-8" ?>
<testsuite errors="0" failures="1" hostname="PUNL6553" name="test.TestCalculator" skipped="0" tests="1" time="0.082" timestamp="2015-11-16T10:20:20">
  <properties>
    <property name="java.vendor" value="Oracle Corporation" />
    <property name="sun.java.launcher" value="SUN_STANDARD" />
    <property name="eclipse.pdebuild.templates" value="/C:/Eclipse_Luna/eclipse/plugins/org.eclipse.pde.build_3.9.0.v20140415-2029/templates/" />
    <property name="sun.management.compiler" value="HotSpot Client Compiler" />
    <property name="os.name" value="Windows 7" />
    <property name="sun.boot.class.path" value="C:\Program Files\Java\Jdk8\jre\lib\resources.jar;C:\Program Files\Java\Jdk8\jre\lib\rt.jar;C:\Program Files\Java\Jdk8\jre\lib\sunrsasign.jar;C:\Program Files\Java\Jdk8\jre\lib\jsse.jar;C:\Program Files\Java\Jdk8\jre\lib\jce.jar;C:\Program Files\Java\Jdk8\jre\lib\charsets.jar;C:\Program Files\Java\Jdk8\jre\lib\jfr.jar;C:\Program Files\Java\Jdk8\jre\classes" />
    <property name="sun.desktop" value="windows" />
    <property name="java.vm.specification.vendor" value="Oracle Corporation" />
    <property name="ant.home" value="C:\Eclipse_Luna\eclipse\plugins\org.apache.ant_1.9.2.v201404171502" />
    <property name="java.runtime.version" value="1.8.0_31-b13" />
    <property name="user.name" value="vs821219" />
    <property name="build.dir" value="D:\Vaishali All WorkSpace\AntWS\AntJUnitTestProgect\bin" />
    <property name="user.language" value="en" />
    <property name="test.report.dir" value="D:\Vaishali All WorkSpace\AntWS\AntJUnitTestProgect\testreport" />
    <property name="sun.boot.library.path" value="C:\Program Files\Java\Jdk8\jre\bin" />
    <property name="ant.file.type.Ant-Test" value="file" />
    <property name="ant.project.default-target" value="main" />
    <property name="ant.project.name" value="Ant-Test" />
    <property name="java.version" value="1.8.0_31" />
    <property name="user.timezone" value="Asia/Calcutta" />
    <property name="sun.arch.data.model" value="32" />
    <property name="java.endorsed.dirs" value="C:\Program Files\Java\Jdk8\jre\lib\endorsed" />
    <property name="sun.cpu.isalist" value="pentium_pro+mmx pentium_pro pentium+mmx pentium i486 i386 i86" />
    <property name="sun.jnu.encoding" value="Cp1252" />
    <property name="file.encoding.pkg" value="sun.io" />
    <property name="file.separator" value="\" />
    <property name="java.specification.name" value="Java Platform API Specification" />
    <property name="java.class.version" value="52.0" />
    <property name="user.country" value="US" />
    <property name="java.home" value="C:\Program Files\Java\Jdk8\jre" />
    <property name="java.vm.info" value="mixed mode, sharing" />
    <property name="ant.file" value="D:\Vaishali All WorkSpace\AntWS\AntJUnitTestProgect\build.xml" />
    <property name="os.version" value="6.1" />
    <property name="path.separator" value=";" />
    <property name="java.vm.version" value="25.31-b07" />
    <property name="user.variant" value="" />
    <property name="ant.library.dir" value="C:\Eclipse_Luna\eclipse\plugins\org.apache.ant_1.9.2.v201404171502\lib" />
    <property name="java.awt.printerjob" value="sun.awt.windows.WPrinterJob" />
    <property name="sun.io.unicode.encoding" value="UnicodeLittle" />
    <property name="awt.toolkit" value="sun.awt.windows.WToolkit" />
    <property name="user.script" value="" />
    <property name="eclipse.pdebuild.scripts" value="/C:/Eclipse_Luna/eclipse/plugins/org.eclipse.pde.build_3.9.0.v20140415-2029/scripts/" />
    <property name="user.home" value="C:\Users\vs821219" />
    <property name="java.specification.vendor" value="Oracle Corporation" />
    <property name="test.dir" value="D:\Vaishali All WorkSpace\AntWS\AntJUnitTestProgect\src" />
    <property name="java.library.path" value="C:\Program Files\Java\Jdk8\jre\bin;C:\Windows\Sun\Java\bin;C:\Windows\system32;C:\Windows;C:/Program Files/Java/Jdk8/bin/../jre/bin/client;C:/Program Files/Java/Jdk8/bin/../jre/bin;C:/Program Files/Java/Jdk8/bin/../jre/lib/i386;C:\Program Files\Java\Jdk8\bin;C:\ProgramData\Oracle\Java\javapath;C:\Program Files\Java\jdk1.7.0_60\bin;D:\oracle\bin;C:\Program Files\Oracle\jre\1.3.1\bin;C:\Program Files\Oracle\jre\1.1.8\bin;C:\oraclexe\app\oracle\product\11.2.0\server\bin;;C:\Program Files\Java\jdk1.7.0_60\bin;D:\\bin;C:\Windows\system32;C:\Windows;C:\Windows\System32\Wbem;C:\Windows\System32\WindowsPowerShell\v1.0\;C:\Program Files\Enterprise Vault\EVClient\;C:\Program Files\Microsoft SQL Server\90\Tools\binn\;C:\Program Files\TortoiseSVN\bin;D:\Vaishali_Software\Maven\ICOMPLIANCE V3.0\apache-maven-3.0.4\bin;D:\Vaishali_Software\apache-ant-1.8.2\bin;C:\Eclipse_Luna\eclipse;;." />
    <property name="java.vendor.url" value="http://java.oracle.com/" />
    <property name="ant.file.Ant-Test" value="D:\Vaishali All WorkSpace\AntWS\AntJUnitTestProgect\build.xml" />
    <property name="java.vm.vendor" value="Oracle Corporation" />
    <property name="java.runtime.name" value="Java(TM) SE Runtime Environment" />
    <property name="sun.java.command" value="org.apache.tools.ant.taskdefs.optional.junit.JUnitTestRunner test.TestCalculator filtertrace=true haltOnError=false haltOnFailure=true formatter=org.apache.tools.ant.taskdefs.optional.junit.SummaryJUnitResultFormatter showoutput=false outputtoformatters=true logfailedtests=true logtestlistenerevents=false formatter=org.apache.tools.ant.taskdefs.optional.junit.XMLJUnitResultFormatter,D:\Vaishali All WorkSpace\AntWS\AntJUnitTestProgect\testreport\TEST-test.TestCalculator.xml crashfile=D:\Vaishali All WorkSpace\AntWS\AntJUnitTestProgect\junitvmwatcher6095224966023489197.properties propsfile=D:\Vaishali All WorkSpace\AntWS\AntJUnitTestProgect\junit4446803173096994994.properties" />
    <property name="java.class.path" value="D:\Vaishali All WorkSpace\AntWS\AntJUnitTestProgect\lib\junit-4.4.jar;D:\Vaishali All WorkSpace\AntWS\AntJUnitTestProgect\lib\easymock-2.5.jar;D:\Vaishali All WorkSpace\AntWS\AntJUnitTestProgect\bin;C:\Eclipse_Luna\eclipse\plugins\org.apache.ant_1.9.2.v201404171502\lib\ant-launcher.jar;C:\Eclipse_Luna\eclipse\plugins\org.apache.ant_1.9.2.v201404171502\lib\ant.jar;C:\Eclipse_Luna\eclipse\plugins\org.apache.ant_1.9.2.v201404171502\lib\ant-junit.jar;C:\Eclipse_Luna\eclipse\plugins\org.apache.ant_1.9.2.v201404171502\lib\ant-junit4.jar" />
    <property name="ant.version" value="Apache Ant(TM) version 1.9.2 compiled on July 8 2013" />
    <property name="java.vm.specification.name" value="Java Virtual Machine Specification" />
    <property name="java.vm.specification.version" value="1.8" />
    <property name="sun.cpu.endian" value="little" />
    <property name="sun.os.patch.level" value="Service Pack 1" />
    <property name="eclipse.pdebuild.home" value="/C:/Eclipse_Luna/eclipse/plugins/org.eclipse.pde.build_3.9.0.v20140415-2029/./" />
    <property name="java.io.tmpdir" value="C:\Users\vs821219\AppData\Local\Temp\" />
    <property name="java.vendor.url.bug" value="http://bugreport.sun.com/bugreport/" />
    <property name="os.arch" value="x86" />
    <property name="java.awt.graphicsenv" value="sun.awt.Win32GraphicsEnvironment" />
    <property name="java.ext.dirs" value="C:\Program Files\Java\Jdk8\jre\lib\ext;C:\Windows\Sun\Java\lib\ext" />
    <property name="user.dir" value="D:\Vaishali All WorkSpace\AntWS\AntJUnitTestProgect" />
    <property name="line.separator" value="&#xd;&#xa;" />
    <property name="java.vm.name" value="Java HotSpot(TM) Client VM" />
    <property name="basedir" value="D:\Vaishali All WorkSpace\AntWS\AntJUnitTestProgect" />
    <property name="ant.java.version" value="1.8" />
    <property name="ant.core.lib" value="C:\Eclipse_Luna\eclipse\plugins\org.apache.ant_1.9.2.v201404171502\lib\ant.jar" />
    <property name="file.encoding" value="Cp1252" />
    <property name="java.specification.version" value="1.8" />
    <property name="src.dir" value="D:\Vaishali All WorkSpace\AntWS\AntJUnitTestProgect\src" />
    <property name="ant.project.invoked-targets" value="main,clean,makedir,compile,junit" />
  </properties>
  <testcase classname="test.TestCalculator" name="testMulti" time="0.008">
    <failure message="expected:&lt;150&gt; but was:&lt;50&gt;" type="junit.framework.AssertionFailedError">junit.framework.AssertionFailedError: expected:&lt;150&gt; but was:&lt;50&gt;
	at test.TestCalculator.testMulti(Unknown Source)
</failure>
  </testcase>
  <system-out><![CDATA[]]></system-out>
  <system-err><![CDATA[]]></system-err>
</testsuite>
